  assets.cpp
C:\Program Files\Microsoft Visual Studio\2022\Community\VC\Tools\MSVC\14.41.34120\include\xmemory(700,82): error C2665: 'Assets::ObjectTexture::ObjectTexture': no overloaded function could convert all the argument types
  (compiling source file 'src/assets.cpp')
      C:\Users\mazde\Desktop\code\chess_rebuild\src\assets.h(24,5):
      could be 'Assets::ObjectTexture::ObjectTexture(Assets::ObjectTexture &&)'
          C:\Program Files\Microsoft Visual Studio\2022\Community\VC\Tools\MSVC\14.41.34120\include\xmemory(700,82):
          'Assets::ObjectTexture::ObjectTexture(Assets::ObjectTexture &&)': cannot convert argument 1 from '_Ty' to 'Assets::ObjectTexture &&'
          with
          [
              _Ty=Assets::ObjectTexture *
          ]
              C:\Program Files\Microsoft Visual Studio\2022\Community\VC\Tools\MSVC\14.41.34120\include\xmemory(700,103):
              Reason: cannot convert from '_Ty' to 'Assets::ObjectTexture'
          with
          [
              _Ty=Assets::ObjectTexture *
          ]
      C:\Users\mazde\Desktop\code\chess_rebuild\src\assets.h(24,5):
      or       'Assets::ObjectTexture::ObjectTexture(const Assets::ObjectTexture &)'
          C:\Program Files\Microsoft Visual Studio\2022\Community\VC\Tools\MSVC\14.41.34120\include\xmemory(700,82):
          'Assets::ObjectTexture::ObjectTexture(const Assets::ObjectTexture &)': cannot convert argument 1 from '_Ty' to 'const Assets::ObjectTexture &'
          with
          [
              _Ty=Assets::ObjectTexture *
          ]
              C:\Program Files\Microsoft Visual Studio\2022\Community\VC\Tools\MSVC\14.41.34120\include\xmemory(700,103):
              Reason: cannot convert from '_Ty' to 'const Assets::ObjectTexture'
          with
          [
              _Ty=Assets::ObjectTexture *
          ]
      C:\Program Files\Microsoft Visual Studio\2022\Community\VC\Tools\MSVC\14.41.34120\include\xmemory(700,82):
      while trying to match the argument list '(_Ty)'
          with
          [
              _Ty=Assets::ObjectTexture *
          ]
      C:\Program Files\Microsoft Visual Studio\2022\Community\VC\Tools\MSVC\14.41.34120\include\xmemory(700,82):
      the template instantiation context (the oldest one first) is
          C:\Users\mazde\Desktop\code\chess_rebuild\src\assets.cpp(44,35):
          see reference to function template instantiation 'Assets::ObjectTexture &std::vector<Assets::ObjectTexture,std::allocator<Assets::ObjectTexture>>::emplace_back<Assets::ObjectTexture*>(Assets::ObjectTexture *&&)' being compiled
          C:\Program Files\Microsoft Visual Studio\2022\Community\VC\Tools\MSVC\14.41.34120\include\vector(858,24):
          see reference to function template instantiation '_Ty &std::vector<_Ty,std::allocator<_Ty>>::_Emplace_one_at_back<Assets::ObjectTexture*>(Assets::ObjectTexture *&&)' being compiled
          with
          [
              _Ty=Assets::ObjectTexture
          ]
          C:\Program Files\Microsoft Visual Studio\2022\Community\VC\Tools\MSVC\14.41.34120\include\vector(776,20):
          see reference to function template instantiation '_Ty &std::vector<_Ty,std::allocator<_Ty>>::_Emplace_back_with_unused_capacity<Assets::ObjectTexture*>(Assets::ObjectTexture *&&)' being compiled
          with
          [
              _Ty=Assets::ObjectTexture
          ]
          C:\Program Files\Microsoft Visual Studio\2022\Community\VC\Tools\MSVC\14.41.34120\include\vector(794,27):
          see reference to function template instantiation 'void std::_Default_allocator_traits<_Alloc>::construct<_Ty,Assets::ObjectTexture*>(_Alloc &,_Objty *const ,Assets::ObjectTexture *&&)' being compiled
          with
          [
              _Alloc=std::allocator<Assets::ObjectTexture>,
              _Ty=Assets::ObjectTexture,
              _Objty=Assets::ObjectTexture
          ]
  
  functions.cpp
C:\Program Files\Microsoft Visual Studio\2022\Community\VC\Tools\MSVC\14.41.34120\include\xmemory(700,82): error C2665: 'Objects::Piece::Piece': no overloaded function could convert all the argument types
  (compiling source file 'src/functions.cpp')
      C:\Users\mazde\Desktop\code\chess_rebuild\src\objects.h(55,5):
      could be 'Objects::Piece::Piece(Objects::Piece &&)'
          C:\Program Files\Microsoft Visual Studio\2022\Community\VC\Tools\MSVC\14.41.34120\include\xmemory(700,82):
          'Objects::Piece::Piece(Objects::Piece &&)': cannot convert argument 1 from '_Ty' to 'Objects::Piece &&'
          with
          [
              _Ty=Objects::Piece *
          ]
              C:\Program Files\Microsoft Visual Studio\2022\Community\VC\Tools\MSVC\14.41.34120\include\xmemory(700,103):
              Reason: cannot convert from '_Ty' to 'Objects::Piece'
          with
          [
              _Ty=Objects::Piece *
          ]
      C:\Users\mazde\Desktop\code\chess_rebuild\src\objects.h(55,5):
      or       'Objects::Piece::Piece(const Objects::Piece &)'
          C:\Program Files\Microsoft Visual Studio\2022\Community\VC\Tools\MSVC\14.41.34120\include\xmemory(700,82):
          'Objects::Piece::Piece(const Objects::Piece &)': cannot convert argument 1 from '_Ty' to 'const Objects::Piece &'
          with
          [
              _Ty=Objects::Piece *
          ]
              C:\Program Files\Microsoft Visual Studio\2022\Community\VC\Tools\MSVC\14.41.34120\include\xmemory(700,103):
              Reason: cannot convert from '_Ty' to 'const Objects::Piece'
          with
          [
              _Ty=Objects::Piece *
          ]
      C:\Program Files\Microsoft Visual Studio\2022\Community\VC\Tools\MSVC\14.41.34120\include\xmemory(700,82):
      while trying to match the argument list '(_Ty)'
          with
          [
              _Ty=Objects::Piece *
          ]
      C:\Program Files\Microsoft Visual Studio\2022\Community\VC\Tools\MSVC\14.41.34120\include\xmemory(700,82):
      the template instantiation context (the oldest one first) is
          C:\Users\mazde\Desktop\code\chess_rebuild\src\functions.cpp(37,18):
          see reference to function template instantiation 'Objects::Piece &std::vector<Objects::Piece,std::allocator<Objects::Piece>>::emplace_back<Objects::Piece*>(Objects::Piece *&&)' being compiled
          C:\Program Files\Microsoft Visual Studio\2022\Community\VC\Tools\MSVC\14.41.34120\include\vector(858,24):
          see reference to function template instantiation '_Ty &std::vector<_Ty,std::allocator<_Ty>>::_Emplace_one_at_back<Objects::Piece*>(Objects::Piece *&&)' being compiled
          with
          [
              _Ty=Objects::Piece
          ]
          C:\Program Files\Microsoft Visual Studio\2022\Community\VC\Tools\MSVC\14.41.34120\include\vector(776,20):
          see reference to function template instantiation '_Ty &std::vector<_Ty,std::allocator<_Ty>>::_Emplace_back_with_unused_capacity<Objects::Piece*>(Objects::Piece *&&)' being compiled
          with
          [
              _Ty=Objects::Piece
          ]
          C:\Program Files\Microsoft Visual Studio\2022\Community\VC\Tools\MSVC\14.41.34120\include\vector(794,27):
          see reference to function template instantiation 'void std::_Default_allocator_traits<_Alloc>::construct<_Ty,Objects::Piece*>(_Alloc &,_Objty *const ,Objects::Piece *&&)' being compiled
          with
          [
              _Alloc=std::allocator<Objects::Piece>,
              _Ty=Objects::Piece,
              _Objty=Objects::Piece
          ]
  
C:\Program Files\Microsoft Visual Studio\2022\Community\VC\Tools\MSVC\14.41.34120\include\xmemory(700,82): error C2665: 'Assets::ObjectTexture::ObjectTexture': no overloaded function could convert all the argument types
  (compiling source file 'src/functions.cpp')
      C:\Users\mazde\Desktop\code\chess_rebuild\src\assets.h(24,5):
      could be 'Assets::ObjectTexture::ObjectTexture(Assets::ObjectTexture &&)'
          C:\Program Files\Microsoft Visual Studio\2022\Community\VC\Tools\MSVC\14.41.34120\include\xmemory(700,82):
          'Assets::ObjectTexture::ObjectTexture(Assets::ObjectTexture &&)': cannot convert argument 1 from 'std::string' to 'Assets::ObjectTexture &&'
              C:\Program Files\Microsoft Visual Studio\2022\Community\VC\Tools\MSVC\14.41.34120\include\xmemory(700,103):
              Reason: cannot convert from 'std::string' to 'Assets::ObjectTexture'
              C:\Program Files\Microsoft Visual Studio\2022\Community\VC\Tools\MSVC\14.41.34120\include\xmemory(700,103):
              No user-defined-conversion operator available that can perform this conversion, or the operator cannot be called
      C:\Users\mazde\Desktop\code\chess_rebuild\src\assets.h(24,5):
      or       'Assets::ObjectTexture::ObjectTexture(const Assets::ObjectTexture &)'
          C:\Program Files\Microsoft Visual Studio\2022\Community\VC\Tools\MSVC\14.41.34120\include\xmemory(700,82):
          'Assets::ObjectTexture::ObjectTexture(const Assets::ObjectTexture &)': cannot convert argument 1 from 'std::string' to 'const Assets::ObjectTexture &'
              C:\Program Files\Microsoft Visual Studio\2022\Community\VC\Tools\MSVC\14.41.34120\include\xmemory(700,103):
              Reason: cannot convert from 'std::string' to 'const Assets::ObjectTexture'
              C:\Program Files\Microsoft Visual Studio\2022\Community\VC\Tools\MSVC\14.41.34120\include\xmemory(700,103):
              No user-defined-conversion operator available that can perform this conversion, or the operator cannot be called
      C:\Program Files\Microsoft Visual Studio\2022\Community\VC\Tools\MSVC\14.41.34120\include\xmemory(700,82):
      while trying to match the argument list '(std::string)'
      C:\Program Files\Microsoft Visual Studio\2022\Community\VC\Tools\MSVC\14.41.34120\include\xmemory(700,82):
      the template instantiation context (the oldest one first) is
          C:\Users\mazde\Desktop\code\chess_rebuild\src\functions.cpp(80,28):
          see reference to function template instantiation 'Assets::ObjectTexture &std::vector<Assets::ObjectTexture,std::allocator<Assets::ObjectTexture>>::emplace_back<std::string&>(std::string &)' being compiled
          C:\Program Files\Microsoft Visual Studio\2022\Community\VC\Tools\MSVC\14.41.34120\include\vector(858,24):
          see reference to function template instantiation '_Ty &std::vector<_Ty,std::allocator<_Ty>>::_Emplace_one_at_back<std::string&>(std::string &)' being compiled
          with
          [
              _Ty=Assets::ObjectTexture
          ]
          C:\Program Files\Microsoft Visual Studio\2022\Community\VC\Tools\MSVC\14.41.34120\include\vector(776,20):
          see reference to function template instantiation '_Ty &std::vector<_Ty,std::allocator<_Ty>>::_Emplace_back_with_unused_capacity<std::string&>(std::string &)' being compiled
          with
          [
              _Ty=Assets::ObjectTexture
          ]
          C:\Program Files\Microsoft Visual Studio\2022\Community\VC\Tools\MSVC\14.41.34120\include\vector(794,27):
          see reference to function template instantiation 'void std::_Default_allocator_traits<_Alloc>::construct<_Ty,std::string&>(_Alloc &,_Objty *const ,std::string &)' being compiled
          with
          [
              _Alloc=std::allocator<Assets::ObjectTexture>,
              _Ty=Assets::ObjectTexture,
              _Objty=Assets::ObjectTexture
          ]
  
  main.cpp
  objects.cpp
  Generating Code...
C:\Users\mazde\Desktop\code\chess_rebuild\src\objects.cpp(100,1): warning C4715: 'Objects::convertCharToPieceColor': not all control paths return a value
